#! /c/Source/iverilog-install/bin/vvp
:ivl_version "12.0 (devel)" "(s20150603-1539-g2693dd32b)";
:ivl_delay_selection "TYPICAL";
:vpi_time_precision + 0;
:vpi_module "C:\iverilog\lib\ivl\system.vpi";
:vpi_module "C:\iverilog\lib\ivl\vhdl_sys.vpi";
:vpi_module "C:\iverilog\lib\ivl\vhdl_textio.vpi";
:vpi_module "C:\iverilog\lib\ivl\v2005_math.vpi";
:vpi_module "C:\iverilog\lib\ivl\va_math.vpi";
:vpi_module "C:\iverilog\lib\ivl\v2009.vpi";
S_0000020a097a46c0 .scope package, "$unit" "$unit" 2 1;
 .timescale 0 0;
S_0000020a097a4020 .scope module, "tb_dot_product" "tb_dot_product" 3 1;
 .timescale 0 0;
v0000020a09810180_0 .var "a0", 31 0;
v0000020a09810c20_0 .var "a1", 31 0;
v0000020a09810680_0 .var "a2", 31 0;
v0000020a098102c0_0 .var "a3", 31 0;
v0000020a098107c0_0 .var "a4", 31 0;
v0000020a09810860_0 .var "a5", 31 0;
v0000020a0980fdc0_0 .var "a6", 31 0;
v0000020a09810220_0 .var "a7", 31 0;
v0000020a09810360_0 .var "b0", 31 0;
v0000020a098100e0_0 .var "b1", 31 0;
v0000020a0980fe60_0 .var "b2", 31 0;
v0000020a0980ff00_0 .var "b3", 31 0;
v0000020a09810400_0 .var "b4", 31 0;
v0000020a0980ffa0_0 .var "b5", 31 0;
v0000020a09810040_0 .var "b6", 31 0;
v0000020a09810540_0 .var "b7", 31 0;
v0000020a098105e0_0 .var "clock", 0 0;
v0000020a09812f20_0 .net "done", 0 0, v0000020a09810720_0;  1 drivers
v0000020a09813380_0 .var "expected", 63 0;
v0000020a09812fc0_0 .var "reset", 0 0;
v0000020a098134c0_0 .net "result", 63 0, v0000020a09810b80_0;  1 drivers
v0000020a09812020_0 .var "start", 0 0;
E_0000020a0979b670 .event posedge, v0000020a09810720_0;
E_0000020a0979b730 .event posedge, v0000020a0980fd20_0;
S_0000020a097a41b0 .scope module, "dut" "dot_product" 3 12, 4 1 0, S_0000020a097a4020;
 .timescale 0 0;
    .port_info 0 /INPUT 1 "clock";
    .port_info 1 /INPUT 1 "reset";
    .port_info 2 /INPUT 1 "start";
    .port_info 3 /INPUT 32 "a0";
    .port_info 4 /INPUT 32 "a1";
    .port_info 5 /INPUT 32 "a2";
    .port_info 6 /INPUT 32 "a3";
    .port_info 7 /INPUT 32 "a4";
    .port_info 8 /INPUT 32 "a5";
    .port_info 9 /INPUT 32 "a6";
    .port_info 10 /INPUT 32 "a7";
    .port_info 11 /INPUT 32 "b0";
    .port_info 12 /INPUT 32 "b1";
    .port_info 13 /INPUT 32 "b2";
    .port_info 14 /INPUT 32 "b3";
    .port_info 15 /INPUT 32 "b4";
    .port_info 16 /INPUT 32 "b5";
    .port_info 17 /INPUT 32 "b6";
    .port_info 18 /INPUT 32 "b7";
    .port_info 19 /OUTPUT 1 "done";
    .port_info 20 /OUTPUT 64 "result";
v0000020a097bbf10_0 .net "a0", 31 0, v0000020a09810180_0;  1 drivers
v0000020a09799360_0 .net "a1", 31 0, v0000020a09810c20_0;  1 drivers
v0000020a09772e10_0 .net "a2", 31 0, v0000020a09810680_0;  1 drivers
v0000020a09772b20_0 .net "a3", 31 0, v0000020a098102c0_0;  1 drivers
v0000020a097a9d70_0 .net "a4", 31 0, v0000020a098107c0_0;  1 drivers
v0000020a097a9e10_0 .net "a5", 31 0, v0000020a09810860_0;  1 drivers
v0000020a097a9eb0_0 .net "a6", 31 0, v0000020a0980fdc0_0;  1 drivers
v0000020a097a9f50_0 .net "a7", 31 0, v0000020a09810220_0;  1 drivers
v0000020a097a9ff0_0 .net "b0", 31 0, v0000020a09810360_0;  1 drivers
v0000020a097a1fd0_0 .net "b1", 31 0, v0000020a098100e0_0;  1 drivers
v0000020a097a2070_0 .net "b2", 31 0, v0000020a0980fe60_0;  1 drivers
v0000020a097a2110_0 .net "b3", 31 0, v0000020a0980ff00_0;  1 drivers
v0000020a097a21b0_0 .net "b4", 31 0, v0000020a09810400_0;  1 drivers
v0000020a09810900_0 .net "b5", 31 0, v0000020a0980ffa0_0;  1 drivers
v0000020a098109a0_0 .net "b6", 31 0, v0000020a09810040_0;  1 drivers
v0000020a09810a40_0 .net "b7", 31 0, v0000020a09810540_0;  1 drivers
v0000020a0980fd20_0 .net "clock", 0 0, v0000020a098105e0_0;  1 drivers
v0000020a09810720_0 .var "done", 0 0;
v0000020a09810ae0_0 .net "reset", 0 0, v0000020a09812fc0_0;  1 drivers
v0000020a09810b80_0 .var "result", 63 0;
v0000020a098104a0_0 .net "start", 0 0, v0000020a09812020_0;  1 drivers
E_0000020a0979b870 .event posedge, v0000020a09810ae0_0, v0000020a0980fd20_0;
    .scope S_0000020a097a41b0;
T_0 ;
    %wait E_0000020a0979b870;
    %load/vec4 v0000020a09810ae0_0;
    %flag_set/vec4 8;
    %jmp/0xz  T_0.0, 8;
    %pushi/vec4 0, 0, 64;
    %assign/vec4 v0000020a09810b80_0, 0;
    %pushi/vec4 0, 0, 1;
    %assign/vec4 v0000020a09810720_0, 0;
    %jmp T_0.1;
T_0.0 ;
    %load/vec4 v0000020a098104a0_0;
    %flag_set/vec4 8;
    %jmp/0xz  T_0.2, 8;
    %load/vec4 v0000020a097bbf10_0;
    %pad/u 64;
    %load/vec4 v0000020a097a9ff0_0;
    %pad/u 64;
    %mul;
    %load/vec4 v0000020a09799360_0;
    %pad/u 64;
    %load/vec4 v0000020a097a1fd0_0;
    %pad/u 64;
    %mul;
    %add;
    %load/vec4 v0000020a09772e10_0;
    %pad/u 64;
    %load/vec4 v0000020a097a2070_0;
    %pad/u 64;
    %mul;
    %add;
    %load/vec4 v0000020a09772b20_0;
    %pad/u 64;
    %load/vec4 v0000020a097a2110_0;
    %pad/u 64;
    %mul;
    %add;
    %load/vec4 v0000020a097a9d70_0;
    %pad/u 64;
    %load/vec4 v0000020a097a21b0_0;
    %pad/u 64;
    %mul;
    %add;
    %load/vec4 v0000020a097a9e10_0;
    %pad/u 64;
    %load/vec4 v0000020a09810900_0;
    %pad/u 64;
    %mul;
    %add;
    %load/vec4 v0000020a097a9eb0_0;
    %pad/u 64;
    %load/vec4 v0000020a098109a0_0;
    %pad/u 64;
    %mul;
    %add;
    %load/vec4 v0000020a097a9f50_0;
    %pad/u 64;
    %load/vec4 v0000020a09810a40_0;
    %pad/u 64;
    %mul;
    %add;
    %assign/vec4 v0000020a09810b80_0, 0;
    %pushi/vec4 1, 0, 1;
    %assign/vec4 v0000020a09810720_0, 0;
    %jmp T_0.3;
T_0.2 ;
    %pushi/vec4 0, 0, 1;
    %assign/vec4 v0000020a09810720_0, 0;
T_0.3 ;
T_0.1 ;
    %jmp T_0;
    .thread T_0;
    .scope S_0000020a097a4020;
T_1 ;
    %pushi/vec4 0, 0, 1;
    %store/vec4 v0000020a098105e0_0, 0, 1;
    %end;
    .thread T_1;
    .scope S_0000020a097a4020;
T_2 ;
    %delay 10, 0;
    %load/vec4 v0000020a098105e0_0;
    %inv;
    %store/vec4 v0000020a098105e0_0, 0, 1;
    %jmp T_2;
    .thread T_2;
    .scope S_0000020a097a4020;
T_3 ;
    %vpi_call/w 3 27 "$dumpfile", "dot_product.vcd" {0 0 0};
    %vpi_call/w 3 28 "$dumpvars", 32'sb00000000000000000000000000000000, S_0000020a097a4020 {0 0 0};
    %vpi_call/w 3 30 "$display", "Inicio da simulacao" {0 0 0};
    %vpi_call/w 3 32 "$display", "----- Inicio do teste 1 -----" {0 0 0};
    %pushi/vec4 0, 0, 1;
    %store/vec4 v0000020a09812020_0, 0, 1;
    %pushi/vec4 1, 0, 1;
    %store/vec4 v0000020a09812fc0_0, 0, 1;
    %wait E_0000020a0979b730;
    %pushi/vec4 0, 0, 1;
    %store/vec4 v0000020a09812fc0_0, 0, 1;
    %pushi/vec4 1, 0, 32;
    %store/vec4 v0000020a09810180_0, 0, 32;
    %pushi/vec4 3, 0, 32;
    %store/vec4 v0000020a09810c20_0, 0, 32;
    %pushi/vec4 5, 0, 32;
    %store/vec4 v0000020a09810680_0, 0, 32;
    %pushi/vec4 7, 0, 32;
    %store/vec4 v0000020a098102c0_0, 0, 32;
    %pushi/vec4 9, 0, 32;
    %store/vec4 v0000020a098107c0_0, 0, 32;
    %pushi/vec4 11, 0, 32;
    %store/vec4 v0000020a09810860_0, 0, 32;
    %pushi/vec4 13, 0, 32;
    %store/vec4 v0000020a0980fdc0_0, 0, 32;
    %pushi/vec4 15, 0, 32;
    %store/vec4 v0000020a09810220_0, 0, 32;
    %pushi/vec4 2, 0, 32;
    %store/vec4 v0000020a09810360_0, 0, 32;
    %pushi/vec4 4, 0, 32;
    %store/vec4 v0000020a098100e0_0, 0, 32;
    %pushi/vec4 6, 0, 32;
    %store/vec4 v0000020a0980fe60_0, 0, 32;
    %pushi/vec4 8, 0, 32;
    %store/vec4 v0000020a0980ff00_0, 0, 32;
    %pushi/vec4 10, 0, 32;
    %store/vec4 v0000020a09810400_0, 0, 32;
    %pushi/vec4 12, 0, 32;
    %store/vec4 v0000020a0980ffa0_0, 0, 32;
    %pushi/vec4 14, 0, 32;
    %store/vec4 v0000020a09810040_0, 0, 32;
    %pushi/vec4 16, 0, 32;
    %store/vec4 v0000020a09810540_0, 0, 32;
    %vpi_call/w 3 39 "$display", "Entradas A: A0 = %0d, A1 = %0d, A2 = %0d, A3 = %0d, A4 = %0d, A5 = %0d, A6 = %0d, A7 = %0d", v0000020a09810180_0, v0000020a09810c20_0, v0000020a09810680_0, v0000020a098102c0_0, v0000020a098107c0_0, v0000020a09810860_0, v0000020a0980fdc0_0, v0000020a09810220_0 {0 0 0};
    %vpi_call/w 3 40 "$display", "Entradas B: B0 = %0d, B1 = %0d, B2 = %0d, B3 = %0d, B4 = %0d, B5 = %0d, B6 = %0d, B7 = %0d", v0000020a09810360_0, v0000020a098100e0_0, v0000020a0980fe60_0, v0000020a0980ff00_0, v0000020a09810400_0, v0000020a0980ffa0_0, v0000020a09810040_0, v0000020a09810540_0 {0 0 0};
    %pushi/vec4 744, 0, 64;
    %store/vec4 v0000020a09813380_0, 0, 64;
    %pushi/vec4 1, 0, 1;
    %store/vec4 v0000020a09812020_0, 0, 1;
    %wait E_0000020a0979b670;
    %pushi/vec4 0, 0, 1;
    %store/vec4 v0000020a09812020_0, 0, 1;
    %load/vec4 v0000020a098134c0_0;
    %load/vec4 v0000020a09813380_0;
    %cmp/e;
    %jmp/0xz  T_3.0, 4;
    %vpi_call/w 3 47 "$display", "Perfeito..." {0 0 0};
    %jmp T_3.1;
T_3.0 ;
    %vpi_call/w 3 51 "$display", "Errado..." {0 0 0};
T_3.1 ;
    %vpi_call/w 3 53 "$display", "Saida: %0d", v0000020a098134c0_0 {0 0 0};
    %vpi_call/w 3 54 "$display", "Esperado: %0d", v0000020a09813380_0 {0 0 0};
    %pushi/vec4 0, 0, 64;
    %store/vec4 v0000020a09813380_0, 0, 64;
    %vpi_call/w 3 56 "$display", "----- Fim do teste 1 -----" {0 0 0};
    %vpi_call/w 3 58 "$display", "\000" {0 0 0};
    %vpi_call/w 3 60 "$display", "----- Inicio do teste 2 -----" {0 0 0};
    %pushi/vec4 0, 0, 1;
    %store/vec4 v0000020a09812020_0, 0, 1;
    %pushi/vec4 1, 0, 1;
    %store/vec4 v0000020a09812fc0_0, 0, 1;
    %wait E_0000020a0979b730;
    %pushi/vec4 0, 0, 1;
    %store/vec4 v0000020a09812fc0_0, 0, 1;
    %pushi/vec4 0, 0, 32;
    %store/vec4 v0000020a09810180_0, 0, 32;
    %pushi/vec4 2, 0, 32;
    %store/vec4 v0000020a09810c20_0, 0, 32;
    %pushi/vec4 4, 0, 32;
    %store/vec4 v0000020a09810680_0, 0, 32;
    %pushi/vec4 6, 0, 32;
    %store/vec4 v0000020a098102c0_0, 0, 32;
    %pushi/vec4 8, 0, 32;
    %store/vec4 v0000020a098107c0_0, 0, 32;
    %pushi/vec4 10, 0, 32;
    %store/vec4 v0000020a09810860_0, 0, 32;
    %pushi/vec4 12, 0, 32;
    %store/vec4 v0000020a0980fdc0_0, 0, 32;
    %pushi/vec4 14, 0, 32;
    %store/vec4 v0000020a09810220_0, 0, 32;
    %pushi/vec4 3, 0, 32;
    %store/vec4 v0000020a09810360_0, 0, 32;
    %pushi/vec4 6, 0, 32;
    %store/vec4 v0000020a098100e0_0, 0, 32;
    %pushi/vec4 9, 0, 32;
    %store/vec4 v0000020a0980fe60_0, 0, 32;
    %pushi/vec4 12, 0, 32;
    %store/vec4 v0000020a0980ff00_0, 0, 32;
    %pushi/vec4 15, 0, 32;
    %store/vec4 v0000020a09810400_0, 0, 32;
    %pushi/vec4 18, 0, 32;
    %store/vec4 v0000020a0980ffa0_0, 0, 32;
    %pushi/vec4 21, 0, 32;
    %store/vec4 v0000020a09810040_0, 0, 32;
    %pushi/vec4 24, 0, 32;
    %store/vec4 v0000020a09810540_0, 0, 32;
    %vpi_call/w 3 67 "$display", "Entradas A: A0 = %0d, A1 = %0d, A2 = %0d, A3 = %0d, A4 = %0d, A5 = %0d, A6 = %0d, A7 = %0d", v0000020a09810180_0, v0000020a09810c20_0, v0000020a09810680_0, v0000020a098102c0_0, v0000020a098107c0_0, v0000020a09810860_0, v0000020a0980fdc0_0, v0000020a09810220_0 {0 0 0};
    %vpi_call/w 3 68 "$display", "Entradas B: B0 = %0d, B1 = %0d, B2 = %0d, B3 = %0d, B4 = %0d, B5 = %0d, B6 = %0d, B7 = %0d", v0000020a09810360_0, v0000020a098100e0_0, v0000020a0980fe60_0, v0000020a0980ff00_0, v0000020a09810400_0, v0000020a0980ffa0_0, v0000020a09810040_0, v0000020a09810540_0 {0 0 0};
    %pushi/vec4 1008, 0, 64;
    %store/vec4 v0000020a09813380_0, 0, 64;
    %pushi/vec4 1, 0, 1;
    %store/vec4 v0000020a09812020_0, 0, 1;
    %wait E_0000020a0979b670;
    %pushi/vec4 0, 0, 1;
    %store/vec4 v0000020a09812020_0, 0, 1;
    %load/vec4 v0000020a098134c0_0;
    %load/vec4 v0000020a09813380_0;
    %cmp/e;
    %jmp/0xz  T_3.2, 4;
    %vpi_call/w 3 75 "$display", "Perfeito..." {0 0 0};
    %jmp T_3.3;
T_3.2 ;
    %vpi_call/w 3 79 "$display", "Errado..." {0 0 0};
T_3.3 ;
    %vpi_call/w 3 81 "$display", "Saida: %0d", v0000020a098134c0_0 {0 0 0};
    %vpi_call/w 3 82 "$display", "Esperado: %0d", v0000020a09813380_0 {0 0 0};
    %pushi/vec4 0, 0, 64;
    %store/vec4 v0000020a09813380_0, 0, 64;
    %vpi_call/w 3 84 "$display", "----- Fim do teste 2 -----" {0 0 0};
    %vpi_call/w 3 86 "$display", "Fim da simulacao" {0 0 0};
    %vpi_call/w 3 88 "$finish" {0 0 0};
    %end;
    .thread T_3;
# The file index is used to find the file name in the following table.
:file_names 5;
    "N/A";
    "<interactive>";
    "-";
    ".\tb\tb_dot_product.sv";
    ".\rtl\dot_product.sv";
